DEB [20171005-11:07:11.385] thr=1   paramiko.transport: starting thread (client mode): 0x3052490
DEB [20171005-11:07:11.386] thr=1   paramiko.transport: Local version/idstring: SSH-2.0-paramiko_2.3.1
DEB [20171005-11:07:11.446] thr=1   paramiko.transport: Remote version/idstring: SSH-2.0-OpenSSH_7.2p2 Ubuntu-4ubuntu2.1
INF [20171005-11:07:11.446] thr=1   paramiko.transport: Connected (version 2.0, client OpenSSH_7.2p2)
DEB [20171005-11:07:11.501] thr=1   paramiko.transport: kex algos:['diffie-hellman-group1-sha1', 'diffie-hellman-group14-sha1', 'diffie-hellman-group-exchange-sha1', 'diffie-hellman-group-exchange-sha256', 'ecdh-sha2-nistp256', 'ecdh-sha2-nistp384', 'ecdh-sha2-nistp521', 'diffie-hellman-group1-sha1', 'curve25519-sha256@libssh.org'] server key:['ssh-rsa', 'rsa-sha2-512', 'rsa-sha2-256', 'ecdsa-sha2-nistp256', 'ssh-ed25519'] client encrypt:['aes128-cbc', 'aes192-cbc', 'aes256-cbc', 'aes128-ctr', 'aes192-ctr', 'aes256-ctr', '3des-cbc', 'arcfour128', 'arcfour256', 'arcfour', 'blowfish-cbc', 'cast128-cbc'] server encrypt:['aes128-cbc', 'aes192-cbc', 'aes256-cbc', 'aes128-ctr', 'aes192-ctr', 'aes256-ctr', '3des-cbc', 'arcfour128', 'arcfour256', 'arcfour', 'blowfish-cbc', 'cast128-cbc'] client mac:['hmac-md5', 'hmac-sha1', 'umac-64@openssh.com', 'hmac-ripemd160', 'hmac-sha1-96', 'hmac-md5-96'] server mac:['hmac-md5', 'hmac-sha1', 'umac-64@openssh.com', 'hmac-ripemd160', 'hmac-sha1-96', 'hmac-md5-96'] client compress:['none', 'zlib@openssh.com'] server compress:['none', 'zlib@openssh.com'] client lang:[''] server lang:[''] kex follows?False
DEB [20171005-11:07:11.502] thr=1   paramiko.transport: Kex agreed: ecdh-sha2-nistp256
DEB [20171005-11:07:11.502] thr=1   paramiko.transport: HostKey agreed: ssh-ed25519
DEB [20171005-11:07:11.503] thr=1   paramiko.transport: Cipher agreed: aes128-ctr
DEB [20171005-11:07:11.503] thr=1   paramiko.transport: MAC agreed: hmac-sha1
DEB [20171005-11:07:11.503] thr=1   paramiko.transport: Compression agreed: none
DEB [20171005-11:07:11.839] thr=1   paramiko.transport: kex engine KexNistp256 specified hash_algo <built-in function openssl_sha256>
DEB [20171005-11:07:11.840] thr=1   paramiko.transport: Switch to new keys ...
DEB [20171005-11:07:11.841] thr=2   paramiko.transport: Rejecting ssh-ed25519 host key for 123.206.129.82: b'1b82d900342dc7ce1f0871fd6ec949c6'
DEB [20171005-11:07:11.845] thr=1   paramiko.transport: EOF in transport thread
DEB [20171005-11:10:43.007] thr=1   paramiko.transport: starting thread (client mode): 0x30b2490
DEB [20171005-11:10:43.008] thr=1   paramiko.transport: Local version/idstring: SSH-2.0-paramiko_2.3.1
DEB [20171005-11:10:43.059] thr=1   paramiko.transport: Remote version/idstring: SSH-2.0-OpenSSH_7.2p2 Ubuntu-4ubuntu2.1
INF [20171005-11:10:43.060] thr=1   paramiko.transport: Connected (version 2.0, client OpenSSH_7.2p2)
DEB [20171005-11:10:43.108] thr=1   paramiko.transport: kex algos:['diffie-hellman-group1-sha1', 'diffie-hellman-group14-sha1', 'diffie-hellman-group-exchange-sha1', 'diffie-hellman-group-exchange-sha256', 'ecdh-sha2-nistp256', 'ecdh-sha2-nistp384', 'ecdh-sha2-nistp521', 'diffie-hellman-group1-sha1', 'curve25519-sha256@libssh.org'] server key:['ssh-rsa', 'rsa-sha2-512', 'rsa-sha2-256', 'ecdsa-sha2-nistp256', 'ssh-ed25519'] client encrypt:['aes128-cbc', 'aes192-cbc', 'aes256-cbc', 'aes128-ctr', 'aes192-ctr', 'aes256-ctr', '3des-cbc', 'arcfour128', 'arcfour256', 'arcfour', 'blowfish-cbc', 'cast128-cbc'] server encrypt:['aes128-cbc', 'aes192-cbc', 'aes256-cbc', 'aes128-ctr', 'aes192-ctr', 'aes256-ctr', '3des-cbc', 'arcfour128', 'arcfour256', 'arcfour', 'blowfish-cbc', 'cast128-cbc'] client mac:['hmac-md5', 'hmac-sha1', 'umac-64@openssh.com', 'hmac-ripemd160', 'hmac-sha1-96', 'hmac-md5-96'] server mac:['hmac-md5', 'hmac-sha1', 'umac-64@openssh.com', 'hmac-ripemd160', 'hmac-sha1-96', 'hmac-md5-96'] client compress:['none', 'zlib@openssh.com'] server compress:['none', 'zlib@openssh.com'] client lang:[''] server lang:[''] kex follows?False
DEB [20171005-11:10:43.108] thr=1   paramiko.transport: Kex agreed: ecdh-sha2-nistp256
DEB [20171005-11:10:43.108] thr=1   paramiko.transport: HostKey agreed: ssh-ed25519
DEB [20171005-11:10:43.109] thr=1   paramiko.transport: Cipher agreed: aes128-ctr
DEB [20171005-11:10:43.109] thr=1   paramiko.transport: MAC agreed: hmac-sha1
DEB [20171005-11:10:43.109] thr=1   paramiko.transport: Compression agreed: none
DEB [20171005-11:10:43.293] thr=1   paramiko.transport: kex engine KexNistp256 specified hash_algo <built-in function openssl_sha256>
DEB [20171005-11:10:43.294] thr=1   paramiko.transport: Switch to new keys ...
DEB [20171005-11:10:43.295] thr=2   paramiko.transport: Rejecting ssh-ed25519 host key for 123.206.129.82: b'1b82d900342dc7ce1f0871fd6ec949c6'
DEB [20171005-11:10:43.298] thr=1   paramiko.transport: EOF in transport thread
DEB [20171005-11:11:48.117] thr=1   paramiko.transport: starting thread (client mode): 0x2f524d0
DEB [20171005-11:11:48.118] thr=1   paramiko.transport: Local version/idstring: SSH-2.0-paramiko_2.3.1
DEB [20171005-11:11:48.169] thr=1   paramiko.transport: Remote version/idstring: SSH-2.0-OpenSSH_7.2p2 Ubuntu-4ubuntu2.1
INF [20171005-11:11:48.169] thr=1   paramiko.transport: Connected (version 2.0, client OpenSSH_7.2p2)
DEB [20171005-11:11:48.218] thr=1   paramiko.transport: kex algos:['diffie-hellman-group1-sha1', 'diffie-hellman-group14-sha1', 'diffie-hellman-group-exchange-sha1', 'diffie-hellman-group-exchange-sha256', 'ecdh-sha2-nistp256', 'ecdh-sha2-nistp384', 'ecdh-sha2-nistp521', 'diffie-hellman-group1-sha1', 'curve25519-sha256@libssh.org'] server key:['ssh-rsa', 'rsa-sha2-512', 'rsa-sha2-256', 'ecdsa-sha2-nistp256', 'ssh-ed25519'] client encrypt:['aes128-cbc', 'aes192-cbc', 'aes256-cbc', 'aes128-ctr', 'aes192-ctr', 'aes256-ctr', '3des-cbc', 'arcfour128', 'arcfour256', 'arcfour', 'blowfish-cbc', 'cast128-cbc'] server encrypt:['aes128-cbc', 'aes192-cbc', 'aes256-cbc', 'aes128-ctr', 'aes192-ctr', 'aes256-ctr', '3des-cbc', 'arcfour128', 'arcfour256', 'arcfour', 'blowfish-cbc', 'cast128-cbc'] client mac:['hmac-md5', 'hmac-sha1', 'umac-64@openssh.com', 'hmac-ripemd160', 'hmac-sha1-96', 'hmac-md5-96'] server mac:['hmac-md5', 'hmac-sha1', 'umac-64@openssh.com', 'hmac-ripemd160', 'hmac-sha1-96', 'hmac-md5-96'] client compress:['none', 'zlib@openssh.com'] server compress:['none', 'zlib@openssh.com'] client lang:[''] server lang:[''] kex follows?False
DEB [20171005-11:11:48.218] thr=1   paramiko.transport: Kex agreed: ecdh-sha2-nistp256
DEB [20171005-11:11:48.218] thr=1   paramiko.transport: HostKey agreed: ssh-ed25519
DEB [20171005-11:11:48.219] thr=1   paramiko.transport: Cipher agreed: aes128-ctr
DEB [20171005-11:11:48.219] thr=1   paramiko.transport: MAC agreed: hmac-sha1
DEB [20171005-11:11:48.219] thr=1   paramiko.transport: Compression agreed: none
DEB [20171005-11:11:48.402] thr=1   paramiko.transport: kex engine KexNistp256 specified hash_algo <built-in function openssl_sha256>
DEB [20171005-11:11:48.403] thr=1   paramiko.transport: Switch to new keys ...
DEB [20171005-11:11:48.404] thr=2   paramiko.transport: Rejecting ssh-ed25519 host key for 123.206.129.82: b'1b82d900342dc7ce1f0871fd6ec949c6'
DEB [20171005-11:11:48.407] thr=1   paramiko.transport: EOF in transport thread
DEB [20171005-11:14:06.903] thr=1   paramiko.transport: starting thread (client mode): 0x2f724f0
DEB [20171005-11:14:06.904] thr=1   paramiko.transport: Local version/idstring: SSH-2.0-paramiko_2.3.1
DEB [20171005-11:14:06.963] thr=1   paramiko.transport: Remote version/idstring: SSH-2.0-OpenSSH_7.2p2 Ubuntu-4ubuntu2.1
INF [20171005-11:14:06.963] thr=1   paramiko.transport: Connected (version 2.0, client OpenSSH_7.2p2)
DEB [20171005-11:14:07.019] thr=1   paramiko.transport: kex algos:['diffie-hellman-group1-sha1', 'diffie-hellman-group14-sha1', 'diffie-hellman-group-exchange-sha1', 'diffie-hellman-group-exchange-sha256', 'ecdh-sha2-nistp256', 'ecdh-sha2-nistp384', 'ecdh-sha2-nistp521', 'diffie-hellman-group1-sha1', 'curve25519-sha256@libssh.org'] server key:['ssh-rsa', 'rsa-sha2-512', 'rsa-sha2-256', 'ecdsa-sha2-nistp256', 'ssh-ed25519'] client encrypt:['aes128-cbc', 'aes192-cbc', 'aes256-cbc', 'aes128-ctr', 'aes192-ctr', 'aes256-ctr', '3des-cbc', 'arcfour128', 'arcfour256', 'arcfour', 'blowfish-cbc', 'cast128-cbc'] server encrypt:['aes128-cbc', 'aes192-cbc', 'aes256-cbc', 'aes128-ctr', 'aes192-ctr', 'aes256-ctr', '3des-cbc', 'arcfour128', 'arcfour256', 'arcfour', 'blowfish-cbc', 'cast128-cbc'] client mac:['hmac-md5', 'hmac-sha1', 'umac-64@openssh.com', 'hmac-ripemd160', 'hmac-sha1-96', 'hmac-md5-96'] server mac:['hmac-md5', 'hmac-sha1', 'umac-64@openssh.com', 'hmac-ripemd160', 'hmac-sha1-96', 'hmac-md5-96'] client compress:['none', 'zlib@openssh.com'] server compress:['none', 'zlib@openssh.com'] client lang:[''] server lang:[''] kex follows?False
DEB [20171005-11:14:07.020] thr=1   paramiko.transport: Kex agreed: ecdh-sha2-nistp256
DEB [20171005-11:14:07.020] thr=1   paramiko.transport: HostKey agreed: ssh-ed25519
DEB [20171005-11:14:07.021] thr=1   paramiko.transport: Cipher agreed: aes128-ctr
DEB [20171005-11:14:07.021] thr=1   paramiko.transport: MAC agreed: hmac-sha1
DEB [20171005-11:14:07.021] thr=1   paramiko.transport: Compression agreed: none
DEB [20171005-11:14:07.225] thr=1   paramiko.transport: kex engine KexNistp256 specified hash_algo <built-in function openssl_sha256>
DEB [20171005-11:14:07.227] thr=1   paramiko.transport: Switch to new keys ...
DEB [20171005-11:14:07.228] thr=2   paramiko.transport: Rejecting ssh-ed25519 host key for 123.206.129.82: b'1b82d900342dc7ce1f0871fd6ec949c6'
DEB [20171005-11:14:07.231] thr=1   paramiko.transport: EOF in transport thread
DEB [20171005-11:19:33.598] thr=1   paramiko.transport: starting thread (client mode): 0x2fc24d0
DEB [20171005-11:19:33.599] thr=1   paramiko.transport: Local version/idstring: SSH-2.0-paramiko_2.3.1
DEB [20171005-11:19:33.659] thr=1   paramiko.transport: Remote version/idstring: SSH-2.0-OpenSSH_7.2p2 Ubuntu-4ubuntu2.1
INF [20171005-11:19:33.659] thr=1   paramiko.transport: Connected (version 2.0, client OpenSSH_7.2p2)
DEB [20171005-11:19:33.715] thr=1   paramiko.transport: kex algos:['diffie-hellman-group1-sha1', 'diffie-hellman-group14-sha1', 'diffie-hellman-group-exchange-sha1', 'diffie-hellman-group-exchange-sha256', 'ecdh-sha2-nistp256', 'ecdh-sha2-nistp384', 'ecdh-sha2-nistp521', 'diffie-hellman-group1-sha1', 'curve25519-sha256@libssh.org'] server key:['ssh-rsa', 'rsa-sha2-512', 'rsa-sha2-256', 'ecdsa-sha2-nistp256', 'ssh-ed25519'] client encrypt:['aes128-cbc', 'aes192-cbc', 'aes256-cbc', 'aes128-ctr', 'aes192-ctr', 'aes256-ctr', '3des-cbc', 'arcfour128', 'arcfour256', 'arcfour', 'blowfish-cbc', 'cast128-cbc'] server encrypt:['aes128-cbc', 'aes192-cbc', 'aes256-cbc', 'aes128-ctr', 'aes192-ctr', 'aes256-ctr', '3des-cbc', 'arcfour128', 'arcfour256', 'arcfour', 'blowfish-cbc', 'cast128-cbc'] client mac:['hmac-md5', 'hmac-sha1', 'umac-64@openssh.com', 'hmac-ripemd160', 'hmac-sha1-96', 'hmac-md5-96'] server mac:['hmac-md5', 'hmac-sha1', 'umac-64@openssh.com', 'hmac-ripemd160', 'hmac-sha1-96', 'hmac-md5-96'] client compress:['none', 'zlib@openssh.com'] server compress:['none', 'zlib@openssh.com'] client lang:[''] server lang:[''] kex follows?False
DEB [20171005-11:19:33.716] thr=1   paramiko.transport: Kex agreed: ecdh-sha2-nistp256
DEB [20171005-11:19:33.716] thr=1   paramiko.transport: HostKey agreed: ssh-ed25519
DEB [20171005-11:19:33.716] thr=1   paramiko.transport: Cipher agreed: aes128-ctr
DEB [20171005-11:19:33.716] thr=1   paramiko.transport: MAC agreed: hmac-sha1
DEB [20171005-11:19:33.717] thr=1   paramiko.transport: Compression agreed: none
DEB [20171005-11:19:33.920] thr=1   paramiko.transport: kex engine KexNistp256 specified hash_algo <built-in function openssl_sha256>
DEB [20171005-11:19:33.921] thr=1   paramiko.transport: Switch to new keys ...
DEB [20171005-11:19:33.922] thr=2   paramiko.transport: Adding ssh-ed25519 host key for 123.206.129.82: b'1b82d900342dc7ce1f0871fd6ec949c6'
DEB [20171005-11:19:34.066] thr=1   paramiko.transport: userauth is OK
INF [20171005-11:19:34.123] thr=1   paramiko.transport: Authentication (password) successful!
DEB [20171005-11:19:34.124] thr=1   paramiko.transport: EOF in transport thread
DEB [20171005-11:35:52.696] thr=1   paramiko.transport: starting thread (client mode): 0x30624d0
DEB [20171005-11:35:52.696] thr=1   paramiko.transport: Local version/idstring: SSH-2.0-paramiko_2.3.1
DEB [20171005-11:35:52.747] thr=1   paramiko.transport: Remote version/idstring: SSH-2.0-OpenSSH_7.2p2 Ubuntu-4ubuntu2.1
INF [20171005-11:35:52.748] thr=1   paramiko.transport: Connected (version 2.0, client OpenSSH_7.2p2)
DEB [20171005-11:35:52.796] thr=1   paramiko.transport: kex algos:['diffie-hellman-group1-sha1', 'diffie-hellman-group14-sha1', 'diffie-hellman-group-exchange-sha1', 'diffie-hellman-group-exchange-sha256', 'ecdh-sha2-nistp256', 'ecdh-sha2-nistp384', 'ecdh-sha2-nistp521', 'diffie-hellman-group1-sha1', 'curve25519-sha256@libssh.org'] server key:['ssh-rsa', 'rsa-sha2-512', 'rsa-sha2-256', 'ecdsa-sha2-nistp256', 'ssh-ed25519'] client encrypt:['aes128-cbc', 'aes192-cbc', 'aes256-cbc', 'aes128-ctr', 'aes192-ctr', 'aes256-ctr', '3des-cbc', 'arcfour128', 'arcfour256', 'arcfour', 'blowfish-cbc', 'cast128-cbc'] server encrypt:['aes128-cbc', 'aes192-cbc', 'aes256-cbc', 'aes128-ctr', 'aes192-ctr', 'aes256-ctr', '3des-cbc', 'arcfour128', 'arcfour256', 'arcfour', 'blowfish-cbc', 'cast128-cbc'] client mac:['hmac-md5', 'hmac-sha1', 'umac-64@openssh.com', 'hmac-ripemd160', 'hmac-sha1-96', 'hmac-md5-96'] server mac:['hmac-md5', 'hmac-sha1', 'umac-64@openssh.com', 'hmac-ripemd160', 'hmac-sha1-96', 'hmac-md5-96'] client compress:['none', 'zlib@openssh.com'] server compress:['none', 'zlib@openssh.com'] client lang:[''] server lang:[''] kex follows?False
DEB [20171005-11:35:52.797] thr=1   paramiko.transport: Kex agreed: ecdh-sha2-nistp256
DEB [20171005-11:35:52.797] thr=1   paramiko.transport: HostKey agreed: ssh-ed25519
DEB [20171005-11:35:52.797] thr=1   paramiko.transport: Cipher agreed: aes128-ctr
DEB [20171005-11:35:52.798] thr=1   paramiko.transport: MAC agreed: hmac-sha1
DEB [20171005-11:35:52.798] thr=1   paramiko.transport: Compression agreed: none
DEB [20171005-11:35:52.974] thr=1   paramiko.transport: kex engine KexNistp256 specified hash_algo <built-in function openssl_sha256>
DEB [20171005-11:35:52.975] thr=1   paramiko.transport: Switch to new keys ...
DEB [20171005-11:35:52.976] thr=2   paramiko.transport: Adding ssh-ed25519 host key for 123.206.129.82: b'1b82d900342dc7ce1f0871fd6ec949c6'
DEB [20171005-11:35:53.102] thr=1   paramiko.transport: userauth is OK
INF [20171005-11:35:53.152] thr=1   paramiko.transport: Authentication (password) successful!
DEB [20171005-11:35:53.153] thr=2   paramiko.transport: [chan 0] Max packet in: 32768 bytes
DEB [20171005-11:35:53.250] thr=1   paramiko.transport: Received global request "hostkeys-00@openssh.com"
DEB [20171005-11:35:53.250] thr=1   paramiko.transport: Rejecting "hostkeys-00@openssh.com" global request from server.
DEB [20171005-11:35:53.493] thr=1   paramiko.transport: [chan 0] Max packet out: 32768 bytes
DEB [20171005-11:35:53.494] thr=1   paramiko.transport: Secsh channel 0 opened.
DEB [20171005-11:35:53.541] thr=1   paramiko.transport: [chan 0] Sesch channel 0 request ok
DEB [20171005-11:35:53.542] thr=1   paramiko.transport: EOF in transport thread
DEB [20171005-11:36:03.961] thr=1   paramiko.transport: starting thread (client mode): 0x30c24d0
DEB [20171005-11:36:03.962] thr=1   paramiko.transport: Local version/idstring: SSH-2.0-paramiko_2.3.1
DEB [20171005-11:36:04.021] thr=1   paramiko.transport: Remote version/idstring: SSH-2.0-OpenSSH_7.2p2 Ubuntu-4ubuntu2.1
INF [20171005-11:36:04.022] thr=1   paramiko.transport: Connected (version 2.0, client OpenSSH_7.2p2)
DEB [20171005-11:36:04.080] thr=1   paramiko.transport: kex algos:['diffie-hellman-group1-sha1', 'diffie-hellman-group14-sha1', 'diffie-hellman-group-exchange-sha1', 'diffie-hellman-group-exchange-sha256', 'ecdh-sha2-nistp256', 'ecdh-sha2-nistp384', 'ecdh-sha2-nistp521', 'diffie-hellman-group1-sha1', 'curve25519-sha256@libssh.org'] server key:['ssh-rsa', 'rsa-sha2-512', 'rsa-sha2-256', 'ecdsa-sha2-nistp256', 'ssh-ed25519'] client encrypt:['aes128-cbc', 'aes192-cbc', 'aes256-cbc', 'aes128-ctr', 'aes192-ctr', 'aes256-ctr', '3des-cbc', 'arcfour128', 'arcfour256', 'arcfour', 'blowfish-cbc', 'cast128-cbc'] server encrypt:['aes128-cbc', 'aes192-cbc', 'aes256-cbc', 'aes128-ctr', 'aes192-ctr', 'aes256-ctr', '3des-cbc', 'arcfour128', 'arcfour256', 'arcfour', 'blowfish-cbc', 'cast128-cbc'] client mac:['hmac-md5', 'hmac-sha1', 'umac-64@openssh.com', 'hmac-ripemd160', 'hmac-sha1-96', 'hmac-md5-96'] server mac:['hmac-md5', 'hmac-sha1', 'umac-64@openssh.com', 'hmac-ripemd160', 'hmac-sha1-96', 'hmac-md5-96'] client compress:['none', 'zlib@openssh.com'] server compress:['none', 'zlib@openssh.com'] client lang:[''] server lang:[''] kex follows?False
DEB [20171005-11:36:04.080] thr=1   paramiko.transport: Kex agreed: ecdh-sha2-nistp256
DEB [20171005-11:36:04.081] thr=1   paramiko.transport: HostKey agreed: ssh-ed25519
DEB [20171005-11:36:04.081] thr=1   paramiko.transport: Cipher agreed: aes128-ctr
DEB [20171005-11:36:04.081] thr=1   paramiko.transport: MAC agreed: hmac-sha1
DEB [20171005-11:36:04.082] thr=1   paramiko.transport: Compression agreed: none
DEB [20171005-11:36:04.285] thr=1   paramiko.transport: kex engine KexNistp256 specified hash_algo <built-in function openssl_sha256>
DEB [20171005-11:36:04.286] thr=1   paramiko.transport: Switch to new keys ...
DEB [20171005-11:36:04.287] thr=2   paramiko.transport: Adding ssh-ed25519 host key for 123.206.129.82: b'1b82d900342dc7ce1f0871fd6ec949c6'
DEB [20171005-11:36:04.434] thr=1   paramiko.transport: userauth is OK
INF [20171005-11:36:04.493] thr=1   paramiko.transport: Authentication (password) successful!
DEB [20171005-11:36:04.494] thr=2   paramiko.transport: [chan 0] Max packet in: 32768 bytes
DEB [20171005-11:36:04.597] thr=1   paramiko.transport: Received global request "hostkeys-00@openssh.com"
DEB [20171005-11:36:04.598] thr=1   paramiko.transport: Rejecting "hostkeys-00@openssh.com" global request from server.
DEB [20171005-11:36:04.857] thr=1   paramiko.transport: [chan 0] Max packet out: 32768 bytes
DEB [20171005-11:36:04.857] thr=1   paramiko.transport: Secsh channel 0 opened.
DEB [20171005-11:36:04.918] thr=1   paramiko.transport: [chan 0] Sesch channel 0 request ok
DEB [20171005-11:36:04.919] thr=1   paramiko.transport: EOF in transport thread
DEB [20171005-11:36:18.058] thr=1   paramiko.transport: starting thread (client mode): 0x30724d0
DEB [20171005-11:36:18.058] thr=1   paramiko.transport: Local version/idstring: SSH-2.0-paramiko_2.3.1
DEB [20171005-11:36:18.117] thr=1   paramiko.transport: Remote version/idstring: SSH-2.0-OpenSSH_7.2p2 Ubuntu-4ubuntu2.1
INF [20171005-11:36:18.117] thr=1   paramiko.transport: Connected (version 2.0, client OpenSSH_7.2p2)
DEB [20171005-11:36:18.171] thr=1   paramiko.transport: kex algos:['diffie-hellman-group1-sha1', 'diffie-hellman-group14-sha1', 'diffie-hellman-group-exchange-sha1', 'diffie-hellman-group-exchange-sha256', 'ecdh-sha2-nistp256', 'ecdh-sha2-nistp384', 'ecdh-sha2-nistp521', 'diffie-hellman-group1-sha1', 'curve25519-sha256@libssh.org'] server key:['ssh-rsa', 'rsa-sha2-512', 'rsa-sha2-256', 'ecdsa-sha2-nistp256', 'ssh-ed25519'] client encrypt:['aes128-cbc', 'aes192-cbc', 'aes256-cbc', 'aes128-ctr', 'aes192-ctr', 'aes256-ctr', '3des-cbc', 'arcfour128', 'arcfour256', 'arcfour', 'blowfish-cbc', 'cast128-cbc'] server encrypt:['aes128-cbc', 'aes192-cbc', 'aes256-cbc', 'aes128-ctr', 'aes192-ctr', 'aes256-ctr', '3des-cbc', 'arcfour128', 'arcfour256', 'arcfour', 'blowfish-cbc', 'cast128-cbc'] client mac:['hmac-md5', 'hmac-sha1', 'umac-64@openssh.com', 'hmac-ripemd160', 'hmac-sha1-96', 'hmac-md5-96'] server mac:['hmac-md5', 'hmac-sha1', 'umac-64@openssh.com', 'hmac-ripemd160', 'hmac-sha1-96', 'hmac-md5-96'] client compress:['none', 'zlib@openssh.com'] server compress:['none', 'zlib@openssh.com'] client lang:[''] server lang:[''] kex follows?False
DEB [20171005-11:36:18.172] thr=1   paramiko.transport: Kex agreed: ecdh-sha2-nistp256
DEB [20171005-11:36:18.172] thr=1   paramiko.transport: HostKey agreed: ssh-ed25519
DEB [20171005-11:36:18.172] thr=1   paramiko.transport: Cipher agreed: aes128-ctr
DEB [20171005-11:36:18.172] thr=1   paramiko.transport: MAC agreed: hmac-sha1
DEB [20171005-11:36:18.172] thr=1   paramiko.transport: Compression agreed: none
DEB [20171005-11:36:18.344] thr=1   paramiko.transport: kex engine KexNistp256 specified hash_algo <built-in function openssl_sha256>
DEB [20171005-11:36:18.344] thr=1   paramiko.transport: Switch to new keys ...
DEB [20171005-11:36:18.345] thr=2   paramiko.transport: Adding ssh-ed25519 host key for 123.206.129.82: b'1b82d900342dc7ce1f0871fd6ec949c6'
DEB [20171005-11:36:18.496] thr=1   paramiko.transport: userauth is OK
INF [20171005-11:36:18.555] thr=1   paramiko.transport: Authentication (password) successful!
DEB [20171005-11:36:18.555] thr=2   paramiko.transport: [chan 0] Max packet in: 32768 bytes
DEB [20171005-11:36:18.643] thr=1   paramiko.transport: Received global request "hostkeys-00@openssh.com"
DEB [20171005-11:36:18.643] thr=1   paramiko.transport: Rejecting "hostkeys-00@openssh.com" global request from server.
DEB [20171005-11:36:18.896] thr=1   paramiko.transport: [chan 0] Max packet out: 32768 bytes
DEB [20171005-11:36:18.896] thr=1   paramiko.transport: Secsh channel 0 opened.
DEB [20171005-11:36:18.955] thr=1   paramiko.transport: [chan 0] Sesch channel 0 request ok
DEB [20171005-11:36:18.956] thr=1   paramiko.transport: EOF in transport thread
DEB [20171005-11:36:27.420] thr=1   paramiko.transport: starting thread (client mode): 0x2fb24d0
DEB [20171005-11:36:27.421] thr=1   paramiko.transport: Local version/idstring: SSH-2.0-paramiko_2.3.1
DEB [20171005-11:36:27.481] thr=1   paramiko.transport: Remote version/idstring: SSH-2.0-OpenSSH_7.2p2 Ubuntu-4ubuntu2.1
INF [20171005-11:36:27.481] thr=1   paramiko.transport: Connected (version 2.0, client OpenSSH_7.2p2)
DEB [20171005-11:36:27.539] thr=1   paramiko.transport: kex algos:['diffie-hellman-group1-sha1', 'diffie-hellman-group14-sha1', 'diffie-hellman-group-exchange-sha1', 'diffie-hellman-group-exchange-sha256', 'ecdh-sha2-nistp256', 'ecdh-sha2-nistp384', 'ecdh-sha2-nistp521', 'diffie-hellman-group1-sha1', 'curve25519-sha256@libssh.org'] server key:['ssh-rsa', 'rsa-sha2-512', 'rsa-sha2-256', 'ecdsa-sha2-nistp256', 'ssh-ed25519'] client encrypt:['aes128-cbc', 'aes192-cbc', 'aes256-cbc', 'aes128-ctr', 'aes192-ctr', 'aes256-ctr', '3des-cbc', 'arcfour128', 'arcfour256', 'arcfour', 'blowfish-cbc', 'cast128-cbc'] server encrypt:['aes128-cbc', 'aes192-cbc', 'aes256-cbc', 'aes128-ctr', 'aes192-ctr', 'aes256-ctr', '3des-cbc', 'arcfour128', 'arcfour256', 'arcfour', 'blowfish-cbc', 'cast128-cbc'] client mac:['hmac-md5', 'hmac-sha1', 'umac-64@openssh.com', 'hmac-ripemd160', 'hmac-sha1-96', 'hmac-md5-96'] server mac:['hmac-md5', 'hmac-sha1', 'umac-64@openssh.com', 'hmac-ripemd160', 'hmac-sha1-96', 'hmac-md5-96'] client compress:['none', 'zlib@openssh.com'] server compress:['none', 'zlib@openssh.com'] client lang:[''] server lang:[''] kex follows?False
DEB [20171005-11:36:27.540] thr=1   paramiko.transport: Kex agreed: ecdh-sha2-nistp256
DEB [20171005-11:36:27.540] thr=1   paramiko.transport: HostKey agreed: ssh-ed25519
DEB [20171005-11:36:27.540] thr=1   paramiko.transport: Cipher agreed: aes128-ctr
DEB [20171005-11:36:27.540] thr=1   paramiko.transport: MAC agreed: hmac-sha1
DEB [20171005-11:36:27.541] thr=1   paramiko.transport: Compression agreed: none
DEB [20171005-11:36:27.720] thr=1   paramiko.transport: kex engine KexNistp256 specified hash_algo <built-in function openssl_sha256>
DEB [20171005-11:36:27.720] thr=1   paramiko.transport: Switch to new keys ...
DEB [20171005-11:36:27.721] thr=2   paramiko.transport: Adding ssh-ed25519 host key for 123.206.129.82: b'1b82d900342dc7ce1f0871fd6ec949c6'
DEB [20171005-11:36:27.868] thr=1   paramiko.transport: userauth is OK
INF [20171005-11:36:27.930] thr=1   paramiko.transport: Authentication (password) successful!
DEB [20171005-11:36:27.931] thr=2   paramiko.transport: [chan 0] Max packet in: 32768 bytes
DEB [20171005-11:36:28.010] thr=1   paramiko.transport: Received global request "hostkeys-00@openssh.com"
DEB [20171005-11:36:28.011] thr=1   paramiko.transport: Rejecting "hostkeys-00@openssh.com" global request from server.
DEB [20171005-11:36:28.265] thr=1   paramiko.transport: [chan 0] Max packet out: 32768 bytes
DEB [20171005-11:36:28.266] thr=1   paramiko.transport: Secsh channel 0 opened.
DEB [20171005-11:36:28.323] thr=1   paramiko.transport: [chan 0] Sesch channel 0 request ok
DEB [20171005-11:36:28.325] thr=1   paramiko.transport: EOF in transport thread
DEB [20171005-11:36:48.821] thr=1   paramiko.transport: starting thread (client mode): 0x2fa2490
DEB [20171005-11:36:48.821] thr=1   paramiko.transport: Local version/idstring: SSH-2.0-paramiko_2.3.1
DEB [20171005-11:36:48.880] thr=1   paramiko.transport: Remote version/idstring: SSH-2.0-OpenSSH_7.2p2 Ubuntu-4ubuntu2.1
INF [20171005-11:36:48.881] thr=1   paramiko.transport: Connected (version 2.0, client OpenSSH_7.2p2)
DEB [20171005-11:36:48.937] thr=1   paramiko.transport: kex algos:['diffie-hellman-group1-sha1', 'diffie-hellman-group14-sha1', 'diffie-hellman-group-exchange-sha1', 'diffie-hellman-group-exchange-sha256', 'ecdh-sha2-nistp256', 'ecdh-sha2-nistp384', 'ecdh-sha2-nistp521', 'diffie-hellman-group1-sha1', 'curve25519-sha256@libssh.org'] server key:['ssh-rsa', 'rsa-sha2-512', 'rsa-sha2-256', 'ecdsa-sha2-nistp256', 'ssh-ed25519'] client encrypt:['aes128-cbc', 'aes192-cbc', 'aes256-cbc', 'aes128-ctr', 'aes192-ctr', 'aes256-ctr', '3des-cbc', 'arcfour128', 'arcfour256', 'arcfour', 'blowfish-cbc', 'cast128-cbc'] server encrypt:['aes128-cbc', 'aes192-cbc', 'aes256-cbc', 'aes128-ctr', 'aes192-ctr', 'aes256-ctr', '3des-cbc', 'arcfour128', 'arcfour256', 'arcfour', 'blowfish-cbc', 'cast128-cbc'] client mac:['hmac-md5', 'hmac-sha1', 'umac-64@openssh.com', 'hmac-ripemd160', 'hmac-sha1-96', 'hmac-md5-96'] server mac:['hmac-md5', 'hmac-sha1', 'umac-64@openssh.com', 'hmac-ripemd160', 'hmac-sha1-96', 'hmac-md5-96'] client compress:['none', 'zlib@openssh.com'] server compress:['none', 'zlib@openssh.com'] client lang:[''] server lang:[''] kex follows?False
DEB [20171005-11:36:48.937] thr=1   paramiko.transport: Kex agreed: ecdh-sha2-nistp256
DEB [20171005-11:36:48.938] thr=1   paramiko.transport: HostKey agreed: ssh-ed25519
DEB [20171005-11:36:48.938] thr=1   paramiko.transport: Cipher agreed: aes128-ctr
DEB [20171005-11:36:48.938] thr=1   paramiko.transport: MAC agreed: hmac-sha1
DEB [20171005-11:36:48.939] thr=1   paramiko.transport: Compression agreed: none
DEB [20171005-11:36:49.119] thr=1   paramiko.transport: kex engine KexNistp256 specified hash_algo <built-in function openssl_sha256>
DEB [20171005-11:36:49.121] thr=1   paramiko.transport: Switch to new keys ...
DEB [20171005-11:36:49.122] thr=2   paramiko.transport: Adding ssh-ed25519 host key for 123.206.129.82: b'1b82d900342dc7ce1f0871fd6ec949c6'
DEB [20171005-11:36:49.263] thr=1   paramiko.transport: userauth is OK
INF [20171005-11:36:49.320] thr=1   paramiko.transport: Authentication (password) successful!
DEB [20171005-11:36:49.321] thr=2   paramiko.transport: [chan 0] Max packet in: 32768 bytes
DEB [20171005-11:36:49.400] thr=1   paramiko.transport: Received global request "hostkeys-00@openssh.com"
DEB [20171005-11:36:49.401] thr=1   paramiko.transport: Rejecting "hostkeys-00@openssh.com" global request from server.
DEB [20171005-11:36:49.654] thr=1   paramiko.transport: [chan 0] Max packet out: 32768 bytes
DEB [20171005-11:36:49.655] thr=1   paramiko.transport: Secsh channel 0 opened.
DEB [20171005-11:36:49.710] thr=1   paramiko.transport: [chan 0] Sesch channel 0 request ok
DEB [20171005-11:36:49.714] thr=1   paramiko.transport: [chan 0] EOF received (0)
DEB [20171005-12:59:06.177] thr=1   paramiko.transport: starting thread (client mode): 0x3141590
DEB [20171005-12:59:06.177] thr=1   paramiko.transport: Local version/idstring: SSH-2.0-paramiko_2.3.1
DEB [20171005-12:59:06.236] thr=1   paramiko.transport: Remote version/idstring: SSH-2.0-OpenSSH_7.2p2 Ubuntu-4ubuntu2.1
INF [20171005-12:59:06.236] thr=1   paramiko.transport: Connected (version 2.0, client OpenSSH_7.2p2)
DEB [20171005-12:59:06.291] thr=1   paramiko.transport: kex algos:['diffie-hellman-group1-sha1', 'diffie-hellman-group14-sha1', 'diffie-hellman-group-exchange-sha1', 'diffie-hellman-group-exchange-sha256', 'ecdh-sha2-nistp256', 'ecdh-sha2-nistp384', 'ecdh-sha2-nistp521', 'diffie-hellman-group1-sha1', 'curve25519-sha256@libssh.org'] server key:['ssh-rsa', 'rsa-sha2-512', 'rsa-sha2-256', 'ecdsa-sha2-nistp256', 'ssh-ed25519'] client encrypt:['aes128-cbc', 'aes192-cbc', 'aes256-cbc', 'aes128-ctr', 'aes192-ctr', 'aes256-ctr', '3des-cbc', 'arcfour128', 'arcfour256', 'arcfour', 'blowfish-cbc', 'cast128-cbc'] server encrypt:['aes128-cbc', 'aes192-cbc', 'aes256-cbc', 'aes128-ctr', 'aes192-ctr', 'aes256-ctr', '3des-cbc', 'arcfour128', 'arcfour256', 'arcfour', 'blowfish-cbc', 'cast128-cbc'] client mac:['hmac-md5', 'hmac-sha1', 'umac-64@openssh.com', 'hmac-ripemd160', 'hmac-sha1-96', 'hmac-md5-96'] server mac:['hmac-md5', 'hmac-sha1', 'umac-64@openssh.com', 'hmac-ripemd160', 'hmac-sha1-96', 'hmac-md5-96'] client compress:['none', 'zlib@openssh.com'] server compress:['none', 'zlib@openssh.com'] client lang:[''] server lang:[''] kex follows?False
DEB [20171005-12:59:06.292] thr=1   paramiko.transport: Kex agreed: ecdh-sha2-nistp256
DEB [20171005-12:59:06.292] thr=1   paramiko.transport: HostKey agreed: ssh-ed25519
DEB [20171005-12:59:06.292] thr=1   paramiko.transport: Cipher agreed: aes128-ctr
DEB [20171005-12:59:06.293] thr=1   paramiko.transport: MAC agreed: hmac-sha1
DEB [20171005-12:59:06.293] thr=1   paramiko.transport: Compression agreed: none
DEB [20171005-12:59:06.491] thr=1   paramiko.transport: kex engine KexNistp256 specified hash_algo <built-in function openssl_sha256>
DEB [20171005-12:59:06.492] thr=1   paramiko.transport: Switch to new keys ...
DEB [20171005-12:59:06.492] thr=2   paramiko.transport: Adding ssh-ed25519 host key for 123.206.129.82: b'1b82d900342dc7ce1f0871fd6ec949c6'
DEB [20171005-12:59:06.636] thr=1   paramiko.transport: userauth is OK
INF [20171005-12:59:06.692] thr=1   paramiko.transport: Authentication (password) successful!
DEB [20171005-12:59:06.693] thr=1   paramiko.transport: EOF in transport thread
DEB [20171005-12:59:44.071] thr=1   paramiko.transport: starting thread (client mode): 0x30915d0
DEB [20171005-12:59:44.071] thr=1   paramiko.transport: Local version/idstring: SSH-2.0-paramiko_2.3.1
DEB [20171005-12:59:44.124] thr=1   paramiko.transport: Remote version/idstring: SSH-2.0-OpenSSH_7.2p2 Ubuntu-4ubuntu2.1
INF [20171005-12:59:44.124] thr=1   paramiko.transport: Connected (version 2.0, client OpenSSH_7.2p2)
DEB [20171005-12:59:44.171] thr=1   paramiko.transport: kex algos:['diffie-hellman-group1-sha1', 'diffie-hellman-group14-sha1', 'diffie-hellman-group-exchange-sha1', 'diffie-hellman-group-exchange-sha256', 'ecdh-sha2-nistp256', 'ecdh-sha2-nistp384', 'ecdh-sha2-nistp521', 'diffie-hellman-group1-sha1', 'curve25519-sha256@libssh.org'] server key:['ssh-rsa', 'rsa-sha2-512', 'rsa-sha2-256', 'ecdsa-sha2-nistp256', 'ssh-ed25519'] client encrypt:['aes128-cbc', 'aes192-cbc', 'aes256-cbc', 'aes128-ctr', 'aes192-ctr', 'aes256-ctr', '3des-cbc', 'arcfour128', 'arcfour256', 'arcfour', 'blowfish-cbc', 'cast128-cbc'] server encrypt:['aes128-cbc', 'aes192-cbc', 'aes256-cbc', 'aes128-ctr', 'aes192-ctr', 'aes256-ctr', '3des-cbc', 'arcfour128', 'arcfour256', 'arcfour', 'blowfish-cbc', 'cast128-cbc'] client mac:['hmac-md5', 'hmac-sha1', 'umac-64@openssh.com', 'hmac-ripemd160', 'hmac-sha1-96', 'hmac-md5-96'] server mac:['hmac-md5', 'hmac-sha1', 'umac-64@openssh.com', 'hmac-ripemd160', 'hmac-sha1-96', 'hmac-md5-96'] client compress:['none', 'zlib@openssh.com'] server compress:['none', 'zlib@openssh.com'] client lang:[''] server lang:[''] kex follows?False
DEB [20171005-12:59:44.171] thr=1   paramiko.transport: Kex agreed: ecdh-sha2-nistp256
DEB [20171005-12:59:44.171] thr=1   paramiko.transport: HostKey agreed: ssh-ed25519
DEB [20171005-12:59:44.172] thr=1   paramiko.transport: Cipher agreed: aes128-ctr
DEB [20171005-12:59:44.172] thr=1   paramiko.transport: MAC agreed: hmac-sha1
DEB [20171005-12:59:44.172] thr=1   paramiko.transport: Compression agreed: none
DEB [20171005-12:59:44.347] thr=1   paramiko.transport: kex engine KexNistp256 specified hash_algo <built-in function openssl_sha256>
DEB [20171005-12:59:44.348] thr=1   paramiko.transport: Switch to new keys ...
DEB [20171005-12:59:44.349] thr=2   paramiko.transport: Adding ssh-ed25519 host key for 123.206.129.82: b'1b82d900342dc7ce1f0871fd6ec949c6'
DEB [20171005-12:59:44.473] thr=1   paramiko.transport: userauth is OK
INF [20171005-12:59:44.521] thr=1   paramiko.transport: Authentication (password) successful!
DEB [20171005-12:59:44.522] thr=1   paramiko.transport: EOF in transport thread
DEB [20171005-13:00:39.621] thr=1   paramiko.transport: starting thread (client mode): 0x30e15d0
DEB [20171005-13:00:39.622] thr=1   paramiko.transport: Local version/idstring: SSH-2.0-paramiko_2.3.1
DEB [20171005-13:00:39.679] thr=1   paramiko.transport: Remote version/idstring: SSH-2.0-OpenSSH_7.2p2 Ubuntu-4ubuntu2.1
INF [20171005-13:00:39.679] thr=1   paramiko.transport: Connected (version 2.0, client OpenSSH_7.2p2)
DEB [20171005-13:00:39.735] thr=1   paramiko.transport: kex algos:['diffie-hellman-group1-sha1', 'diffie-hellman-group14-sha1', 'diffie-hellman-group-exchange-sha1', 'diffie-hellman-group-exchange-sha256', 'ecdh-sha2-nistp256', 'ecdh-sha2-nistp384', 'ecdh-sha2-nistp521', 'diffie-hellman-group1-sha1', 'curve25519-sha256@libssh.org'] server key:['ssh-rsa', 'rsa-sha2-512', 'rsa-sha2-256', 'ecdsa-sha2-nistp256', 'ssh-ed25519'] client encrypt:['aes128-cbc', 'aes192-cbc', 'aes256-cbc', 'aes128-ctr', 'aes192-ctr', 'aes256-ctr', '3des-cbc', 'arcfour128', 'arcfour256', 'arcfour', 'blowfish-cbc', 'cast128-cbc'] server encrypt:['aes128-cbc', 'aes192-cbc', 'aes256-cbc', 'aes128-ctr', 'aes192-ctr', 'aes256-ctr', '3des-cbc', 'arcfour128', 'arcfour256', 'arcfour', 'blowfish-cbc', 'cast128-cbc'] client mac:['hmac-md5', 'hmac-sha1', 'umac-64@openssh.com', 'hmac-ripemd160', 'hmac-sha1-96', 'hmac-md5-96'] server mac:['hmac-md5', 'hmac-sha1', 'umac-64@openssh.com', 'hmac-ripemd160', 'hmac-sha1-96', 'hmac-md5-96'] client compress:['none', 'zlib@openssh.com'] server compress:['none', 'zlib@openssh.com'] client lang:[''] server lang:[''] kex follows?False
DEB [20171005-13:00:39.736] thr=1   paramiko.transport: Kex agreed: ecdh-sha2-nistp256
DEB [20171005-13:00:39.736] thr=1   paramiko.transport: HostKey agreed: ssh-ed25519
DEB [20171005-13:00:39.736] thr=1   paramiko.transport: Cipher agreed: aes128-ctr
DEB [20171005-13:00:39.736] thr=1   paramiko.transport: MAC agreed: hmac-sha1
DEB [20171005-13:00:39.736] thr=1   paramiko.transport: Compression agreed: none
DEB [20171005-13:00:39.911] thr=1   paramiko.transport: kex engine KexNistp256 specified hash_algo <built-in function openssl_sha256>
DEB [20171005-13:00:39.911] thr=1   paramiko.transport: Switch to new keys ...
DEB [20171005-13:00:39.912] thr=2   paramiko.transport: Adding ssh-ed25519 host key for 123.206.129.82: b'1b82d900342dc7ce1f0871fd6ec949c6'
DEB [20171005-13:00:40.054] thr=1   paramiko.transport: userauth is OK
INF [20171005-13:00:40.111] thr=1   paramiko.transport: Authentication (password) successful!
DEB [20171005-13:00:40.112] thr=1   paramiko.transport: EOF in transport thread
DEB [20171005-13:01:07.256] thr=1   paramiko.transport: starting thread (client mode): 0x30505b0
DEB [20171005-13:01:07.256] thr=1   paramiko.transport: Local version/idstring: SSH-2.0-paramiko_2.3.1
DEB [20171005-13:01:07.316] thr=1   paramiko.transport: Remote version/idstring: SSH-2.0-OpenSSH_7.2p2 Ubuntu-4ubuntu2.1
INF [20171005-13:01:07.317] thr=1   paramiko.transport: Connected (version 2.0, client OpenSSH_7.2p2)
DEB [20171005-13:01:07.373] thr=1   paramiko.transport: kex algos:['diffie-hellman-group1-sha1', 'diffie-hellman-group14-sha1', 'diffie-hellman-group-exchange-sha1', 'diffie-hellman-group-exchange-sha256', 'ecdh-sha2-nistp256', 'ecdh-sha2-nistp384', 'ecdh-sha2-nistp521', 'diffie-hellman-group1-sha1', 'curve25519-sha256@libssh.org'] server key:['ssh-rsa', 'rsa-sha2-512', 'rsa-sha2-256', 'ecdsa-sha2-nistp256', 'ssh-ed25519'] client encrypt:['aes128-cbc', 'aes192-cbc', 'aes256-cbc', 'aes128-ctr', 'aes192-ctr', 'aes256-ctr', '3des-cbc', 'arcfour128', 'arcfour256', 'arcfour', 'blowfish-cbc', 'cast128-cbc'] server encrypt:['aes128-cbc', 'aes192-cbc', 'aes256-cbc', 'aes128-ctr', 'aes192-ctr', 'aes256-ctr', '3des-cbc', 'arcfour128', 'arcfour256', 'arcfour', 'blowfish-cbc', 'cast128-cbc'] client mac:['hmac-md5', 'hmac-sha1', 'umac-64@openssh.com', 'hmac-ripemd160', 'hmac-sha1-96', 'hmac-md5-96'] server mac:['hmac-md5', 'hmac-sha1', 'umac-64@openssh.com', 'hmac-ripemd160', 'hmac-sha1-96', 'hmac-md5-96'] client compress:['none', 'zlib@openssh.com'] server compress:['none', 'zlib@openssh.com'] client lang:[''] server lang:[''] kex follows?False
DEB [20171005-13:01:07.373] thr=1   paramiko.transport: Kex agreed: ecdh-sha2-nistp256
DEB [20171005-13:01:07.374] thr=1   paramiko.transport: HostKey agreed: ssh-ed25519
DEB [20171005-13:01:07.374] thr=1   paramiko.transport: Cipher agreed: aes128-ctr
DEB [20171005-13:01:07.374] thr=1   paramiko.transport: MAC agreed: hmac-sha1
DEB [20171005-13:01:07.374] thr=1   paramiko.transport: Compression agreed: none
DEB [20171005-13:01:07.548] thr=1   paramiko.transport: kex engine KexNistp256 specified hash_algo <built-in function openssl_sha256>
DEB [20171005-13:01:07.549] thr=1   paramiko.transport: Switch to new keys ...
DEB [20171005-13:01:07.550] thr=2   paramiko.transport: Adding ssh-ed25519 host key for 123.206.129.82: b'1b82d900342dc7ce1f0871fd6ec949c6'
DEB [20171005-13:01:07.692] thr=1   paramiko.transport: userauth is OK
INF [20171005-13:01:07.749] thr=1   paramiko.transport: Authentication (password) successful!
DEB [20171005-13:01:07.751] thr=1   paramiko.transport: EOF in transport thread
DEB [20171005-13:01:18.138] thr=1   paramiko.transport: starting thread (client mode): 0x31805b0
DEB [20171005-13:01:18.138] thr=1   paramiko.transport: Local version/idstring: SSH-2.0-paramiko_2.3.1
DEB [20171005-13:01:18.192] thr=1   paramiko.transport: Remote version/idstring: SSH-2.0-OpenSSH_7.2p2 Ubuntu-4ubuntu2.1
INF [20171005-13:01:18.193] thr=1   paramiko.transport: Connected (version 2.0, client OpenSSH_7.2p2)
DEB [20171005-13:01:18.244] thr=1   paramiko.transport: kex algos:['diffie-hellman-group1-sha1', 'diffie-hellman-group14-sha1', 'diffie-hellman-group-exchange-sha1', 'diffie-hellman-group-exchange-sha256', 'ecdh-sha2-nistp256', 'ecdh-sha2-nistp384', 'ecdh-sha2-nistp521', 'diffie-hellman-group1-sha1', 'curve25519-sha256@libssh.org'] server key:['ssh-rsa', 'rsa-sha2-512', 'rsa-sha2-256', 'ecdsa-sha2-nistp256', 'ssh-ed25519'] client encrypt:['aes128-cbc', 'aes192-cbc', 'aes256-cbc', 'aes128-ctr', 'aes192-ctr', 'aes256-ctr', '3des-cbc', 'arcfour128', 'arcfour256', 'arcfour', 'blowfish-cbc', 'cast128-cbc'] server encrypt:['aes128-cbc', 'aes192-cbc', 'aes256-cbc', 'aes128-ctr', 'aes192-ctr', 'aes256-ctr', '3des-cbc', 'arcfour128', 'arcfour256', 'arcfour', 'blowfish-cbc', 'cast128-cbc'] client mac:['hmac-md5', 'hmac-sha1', 'umac-64@openssh.com', 'hmac-ripemd160', 'hmac-sha1-96', 'hmac-md5-96'] server mac:['hmac-md5', 'hmac-sha1', 'umac-64@openssh.com', 'hmac-ripemd160', 'hmac-sha1-96', 'hmac-md5-96'] client compress:['none', 'zlib@openssh.com'] server compress:['none', 'zlib@openssh.com'] client lang:[''] server lang:[''] kex follows?False
DEB [20171005-13:01:18.245] thr=1   paramiko.transport: Kex agreed: ecdh-sha2-nistp256
DEB [20171005-13:01:18.245] thr=1   paramiko.transport: HostKey agreed: ssh-ed25519
DEB [20171005-13:01:18.245] thr=1   paramiko.transport: Cipher agreed: aes128-ctr
DEB [20171005-13:01:18.246] thr=1   paramiko.transport: MAC agreed: hmac-sha1
DEB [20171005-13:01:18.246] thr=1   paramiko.transport: Compression agreed: none
DEB [20171005-13:01:18.434] thr=1   paramiko.transport: kex engine KexNistp256 specified hash_algo <built-in function openssl_sha256>
DEB [20171005-13:01:18.435] thr=1   paramiko.transport: Switch to new keys ...
DEB [20171005-13:01:18.436] thr=2   paramiko.transport: Adding ssh-ed25519 host key for 123.206.129.82: b'1b82d900342dc7ce1f0871fd6ec949c6'
DEB [20171005-13:01:18.565] thr=1   paramiko.transport: userauth is OK
INF [20171005-13:01:18.618] thr=1   paramiko.transport: Authentication (password) successful!
DEB [20171005-13:01:18.619] thr=1   paramiko.transport: EOF in transport thread
DEB [20171006-10:31:37.028] thr=1   paramiko.transport: starting thread (client mode): 0x2f305b0
DEB [20171006-10:31:37.105] thr=1   paramiko.transport: Local version/idstring: SSH-2.0-paramiko_2.3.1
DEB [20171006-10:31:37.106] thr=1   paramiko.transport: Remote version/idstring: SSH-2.0-OpenSSH_7.2p2 Ubuntu-4ubuntu2.1
INF [20171006-10:31:37.106] thr=1   paramiko.transport: Connected (version 2.0, client OpenSSH_7.2p2)
DEB [20171006-10:31:37.153] thr=1   paramiko.transport: kex algos:['diffie-hellman-group1-sha1', 'diffie-hellman-group14-sha1', 'diffie-hellman-group-exchange-sha1', 'diffie-hellman-group-exchange-sha256', 'ecdh-sha2-nistp256', 'ecdh-sha2-nistp384', 'ecdh-sha2-nistp521', 'diffie-hellman-group1-sha1', 'curve25519-sha256@libssh.org'] server key:['ssh-rsa', 'rsa-sha2-512', 'rsa-sha2-256', 'ecdsa-sha2-nistp256', 'ssh-ed25519'] client encrypt:['aes128-cbc', 'aes192-cbc', 'aes256-cbc', 'aes128-ctr', 'aes192-ctr', 'aes256-ctr', '3des-cbc', 'arcfour128', 'arcfour256', 'arcfour', 'blowfish-cbc', 'cast128-cbc'] server encrypt:['aes128-cbc', 'aes192-cbc', 'aes256-cbc', 'aes128-ctr', 'aes192-ctr', 'aes256-ctr', '3des-cbc', 'arcfour128', 'arcfour256', 'arcfour', 'blowfish-cbc', 'cast128-cbc'] client mac:['hmac-md5', 'hmac-sha1', 'umac-64@openssh.com', 'hmac-ripemd160', 'hmac-sha1-96', 'hmac-md5-96'] server mac:['hmac-md5', 'hmac-sha1', 'umac-64@openssh.com', 'hmac-ripemd160', 'hmac-sha1-96', 'hmac-md5-96'] client compress:['none', 'zlib@openssh.com'] server compress:['none', 'zlib@openssh.com'] client lang:[''] server lang:[''] kex follows?False
DEB [20171006-10:31:37.153] thr=1   paramiko.transport: Kex agreed: ecdh-sha2-nistp256
DEB [20171006-10:31:37.153] thr=1   paramiko.transport: HostKey agreed: ssh-ed25519
DEB [20171006-10:31:37.153] thr=1   paramiko.transport: Cipher agreed: aes128-ctr
DEB [20171006-10:31:37.153] thr=1   paramiko.transport: MAC agreed: hmac-sha1
DEB [20171006-10:31:37.154] thr=1   paramiko.transport: Compression agreed: none
DEB [20171006-10:31:37.809] thr=1   paramiko.transport: kex engine KexNistp256 specified hash_algo <built-in function openssl_sha256>
DEB [20171006-10:31:37.810] thr=1   paramiko.transport: Switch to new keys ...
DEB [20171006-10:31:37.810] thr=2   paramiko.transport: Adding ssh-ed25519 host key for 123.206.129.82: b'1b82d900342dc7ce1f0871fd6ec949c6'
DEB [20171006-10:31:37.941] thr=1   paramiko.transport: userauth is OK
INF [20171006-10:31:37.995] thr=1   paramiko.transport: Authentication (password) successful!
DEB [20171006-10:31:37.996] thr=1   paramiko.transport: EOF in transport thread
DEB [20171006-10:38:35.402] thr=1   paramiko.transport: starting thread (client mode): 0x2f305b0
DEB [20171006-10:38:35.403] thr=1   paramiko.transport: Local version/idstring: SSH-2.0-paramiko_2.3.1
DEB [20171006-10:38:35.462] thr=1   paramiko.transport: Remote version/idstring: SSH-2.0-OpenSSH_7.2p2 Ubuntu-4ubuntu2.1
INF [20171006-10:38:35.463] thr=1   paramiko.transport: Connected (version 2.0, client OpenSSH_7.2p2)
DEB [20171006-10:38:35.519] thr=1   paramiko.transport: kex algos:['diffie-hellman-group1-sha1', 'diffie-hellman-group14-sha1', 'diffie-hellman-group-exchange-sha1', 'diffie-hellman-group-exchange-sha256', 'ecdh-sha2-nistp256', 'ecdh-sha2-nistp384', 'ecdh-sha2-nistp521', 'diffie-hellman-group1-sha1', 'curve25519-sha256@libssh.org'] server key:['ssh-rsa', 'rsa-sha2-512', 'rsa-sha2-256', 'ecdsa-sha2-nistp256', 'ssh-ed25519'] client encrypt:['aes128-cbc', 'aes192-cbc', 'aes256-cbc', 'aes128-ctr', 'aes192-ctr', 'aes256-ctr', '3des-cbc', 'arcfour128', 'arcfour256', 'arcfour', 'blowfish-cbc', 'cast128-cbc'] server encrypt:['aes128-cbc', 'aes192-cbc', 'aes256-cbc', 'aes128-ctr', 'aes192-ctr', 'aes256-ctr', '3des-cbc', 'arcfour128', 'arcfour256', 'arcfour', 'blowfish-cbc', 'cast128-cbc'] client mac:['hmac-md5', 'hmac-sha1', 'umac-64@openssh.com', 'hmac-ripemd160', 'hmac-sha1-96', 'hmac-md5-96'] server mac:['hmac-md5', 'hmac-sha1', 'umac-64@openssh.com', 'hmac-ripemd160', 'hmac-sha1-96', 'hmac-md5-96'] client compress:['none', 'zlib@openssh.com'] server compress:['none', 'zlib@openssh.com'] client lang:[''] server lang:[''] kex follows?False
DEB [20171006-10:38:35.519] thr=1   paramiko.transport: Kex agreed: ecdh-sha2-nistp256
DEB [20171006-10:38:35.519] thr=1   paramiko.transport: HostKey agreed: ssh-ed25519
DEB [20171006-10:38:35.520] thr=1   paramiko.transport: Cipher agreed: aes128-ctr
DEB [20171006-10:38:35.520] thr=1   paramiko.transport: MAC agreed: hmac-sha1
DEB [20171006-10:38:35.520] thr=1   paramiko.transport: Compression agreed: none
DEB [20171006-10:38:35.704] thr=1   paramiko.transport: kex engine KexNistp256 specified hash_algo <built-in function openssl_sha256>
DEB [20171006-10:38:35.706] thr=1   paramiko.transport: Switch to new keys ...
DEB [20171006-10:38:35.707] thr=2   paramiko.transport: Adding ssh-ed25519 host key for 123.206.129.82: b'1b82d900342dc7ce1f0871fd6ec949c6'
DEB [20171006-10:38:35.851] thr=1   paramiko.transport: userauth is OK
INF [20171006-10:38:35.907] thr=1   paramiko.transport: Authentication (password) successful!
DEB [20171006-10:38:35.908] thr=3   paramiko.transport: [chan 0] Max packet in: 32768 bytes
DEB [20171006-10:38:35.984] thr=1   paramiko.transport: Received global request "hostkeys-00@openssh.com"
DEB [20171006-10:38:35.985] thr=1   paramiko.transport: Rejecting "hostkeys-00@openssh.com" global request from server.
DEB [20171006-10:38:36.235] thr=1   paramiko.transport: [chan 0] Max packet out: 32768 bytes
DEB [20171006-10:38:36.236] thr=1   paramiko.transport: Secsh channel 0 opened.
DEB [20171006-10:38:36.291] thr=1   paramiko.transport: [chan 0] Sesch channel 0 request ok
DEB [20171006-10:38:36.312] thr=1   paramiko.transport: [chan 0] EOF received (0)
